2020-02-16 17:05:35.933 [microservices] warn: -------delete--------->>>>
2020-02-16 22:38:33.523 [microservices] warn: -------delete--------->>>>
2020-02-16 22:58:59.137 [microservices] warn: -------delete--------->>>>
2020-02-16 23:00:16.194 [microservices] info: -------edit--------->>>>
2020-02-16 23:06:54.717 [microservices] info: -------create--------->>>>
2020-02-16 23:14:26.334 [microservices] info: -------list--------->>>>[object Object]
2020-02-16 23:19:51.617 [microservices] info: -------list--------->>>>[object Object]
2020-02-16 23:20:56.297 [microservices] info: -------list--------->>>>[object Object]
2020-02-16 23:24:15.032 [microservices] info: -------edit--------->>>>
2020-02-16 23:24:15.036 [microservices] info: -------edit--------->>>>
2020-02-16 23:24:58.315 [microservices] info: -------edit--------->>>>
2020-02-16 23:24:58.315 [microservices] info: -------edit--------->>>>
2020-02-16 23:26:31.769 [microservices] info: -------edit--------->>>>
2020-02-16 23:26:31.769 [microservices] info: -------edit--------->>>>
2020-02-16 23:26:41.477 [microservices] info: -------edit--------->>>>
2020-02-16 23:26:41.478 [microservices] info: -------edit--------->>>>
2020-02-16 23:26:47.565 [microservices] info: -------edit--------->>>>
2020-02-16 23:26:47.565 [microservices] info: -------edit--------->>>>
2020-02-16 23:27:59.990 [microservices] info: -------edit--------->>>>
2020-02-16 23:27:59.993 [microservices] info: -------edit--------->>>>
2020-02-16 23:28:57.223 [microservices] info: -------edit--------->>>>
2020-02-16 23:28:57.227 [microservices] info: -------edit--------->>>>
2020-02-16 23:29:30.532 [microservices] info: -------edit--------->>>>
2020-02-16 23:34:44.247 [microservices] info: -------edit--------->>>>
2020-02-16 23:37:35.858 [microservices] info: -------edit--------->>>>
2020-02-16 23:40:30.618 [microservices] info: -------edit--------->>>>
2020-02-16 23:40:49.767 [microservices] info: -------edit--------->>>>[object Object]
2020-02-16 23:41:37.478 [microservices] info: -------edit--------->>>>{"id":"2"}
2020-02-16 23:45:54.018 [microservices] info: -------create--------->>>>{}
2020-02-16 23:46:10.195 [microservices] info: -------create--------->>>>{}
2020-02-16 23:46:26.863 [microservices] info: -------create--------->>>>{}
2020-02-16 23:47:50.097 [microservices] info: -------create--------->>>>{}
2020-02-16 23:52:06.245 [microservices] info: -------create--------->>>>{}
2020-02-16 23:52:25.701 [microservices] info: -------create--------->>>>{}
2020-02-16 23:52:28.407 [microservices] info: -------create--------->>>>{}
2020-02-16 23:52:30.892 [microservices] info: -------create--------->>>>{}
2020-02-16 23:53:18.684 [microservices] info: -------create--------->>>>{}
2020-02-16 23:53:42.457 [microservices] info: -------create--------->>>>{}
2020-02-16 23:53:43.484 [microservices] info: -------create--------->>>>{}
2020-02-16 23:55:22.931 [microservices] warn: -------delete--------->>>>
2020-02-16 23:56:45.841 [microservices] warn: -------delete--------->>>>
2020-02-16 23:57:18.756 [microservices] warn: -------delete--------->>>>
2020-02-16 23:58:52.523 [microservices] info: -------create--------->>>>{}
2020-02-16 23:59:00.559 [microservices] warn: -------delete--------->>>>
2020-02-16 23:59:05.742 [microservices] warn: -------delete--------->>>>
2020-02-17 00:01:07.288 [microservices] info: -------load--------->>>>
2020-02-17 00:10:14.442 [microservices] info: -------search--------->>>>{}
2020-02-17 00:11:12.215 [microservices] info: -------search--------->>>>{}
2020-02-17 00:11:50.905 [microservices] info: -------search--------->>>>{}
2020-02-17 00:17:54.478 [microservices] info: -------search--------->>>>{}
2020-02-17 00:19:35.405 [microservices] info: -------search--------->>>>{}
2020-02-17 00:19:59.582 [microservices] info: -------search--------->>>>{}
2020-02-17 00:20:52.535 [microservices] warn: -------delete--------->>>>{"id":"0"}
2020-02-17 00:20:54.646 [microservices] warn: -------delete--------->>>>{"id":"0"}
2020-02-18 21:02:09.134 [microservices] info: -------list--------->>>>{}
2020-02-18 21:06:55.481 [microservices] info: -------list--------->>>>{}
2020-02-18 21:08:46.029 [microservices] info: -------list--------->>>>{}
2020-02-18 21:09:07.944 [microservices] info: -------list--------->>>>{}
2020-02-18 21:11:49.538 [microservices] info: -------search--------->>>>{}
2020-02-18 21:13:05.990 [microservices] info: -------search--------->>>>{}
2020-02-18 21:13:16.577 [microservices] info: -------check--------->>>>{"id":"1"}
2020-02-18 21:13:19.671 [microservices] info: -------check--------->>>>{"id":"1"}
2020-02-18 21:13:59.534 [microservices] info: -------check--------->>>>{"id":"202011"}
2020-02-18 21:14:01.200 [microservices] info: -------check--------->>>>{"id":"202011"}
2020-02-18 21:16:09.594 [microservices] info: -------search--------->>>>{}
2020-02-18 21:16:14.136 [microservices] info: -------search--------->>>>{}
2020-02-18 21:16:19.558 [microservices] info: -------check--------->>>>{"id":"2020111"}
2020-02-18 21:16:35.975 [microservices] info: -------check--------->>>>{"id":"2020211"}
2020-02-18 21:16:42.354 [microservices] info: -------search--------->>>>{}
2020-02-18 21:16:50.051 [microservices] info: -------list--------->>>>{}
2020-02-18 21:19:23.670 [microservices] info: -------list--------->>>>{}
2020-02-18 21:22:00.470 [microservices] info: -------check--------->>>>{"id":"2020211"}
2020-02-18 21:23:01.332 [microservices] warn: -------delete--------->>>>{"id":"0"}
2020-02-18 21:23:16.214 [microservices] warn: -------delete--------->>>>{"id":"202021"}
2020-02-18 21:27:45.948 [microservices] info: -------create--------->>>>{}
2020-02-18 21:28:17.520 [microservices] info: -------edit--------->>>>{"id":"2020211"}
2020-02-18 21:28:44.792 [microservices] info: -------list--------->>>>{}
2020-02-18 21:28:48.874 [microservices] info: -------edit--------->>>>{"id":"2020211"}
2020-02-18 21:29:44.499 [microservices] info: -------edit--------->>>>{"id":"2020246"}
2020-02-18 21:32:56.221 [microservices] info: -------create--------->>>>{}
2020-02-18 21:34:05.037 [microservices] info: -------create--------->>>>{}
2020-02-18 21:38:48.787 [microservices] info: list
2020-02-18 21:41:04.266 [microservices] info: -------vote::edit--------->>>>{"id":"2020246"}
2020-02-18 21:41:59.177 [microservices] info: -------vote::check--------->>>>{"id":"2020211"}
2020-02-18 21:42:23.790 [microservices] info: -------vote::list--------->>>>{}
2020-02-18 22:23:59.118 [microservices] info: -------info::list--------->>>>{}
2020-02-18 22:24:06.692 [microservices] warn: -------info::delete--------->>>>{"id":"202031"}
2020-02-18 22:24:10.409 [microservices] info: -------info::edit--------->>>>{"id":"2020346"}
2020-02-18 22:24:24.892 [microservices] info: -------info::edit--------->>>>{"id":"202032"}
2020-02-18 22:24:30.325 [microservices] info: -------info::check--------->>>>{"id":"2020311"}
2020-02-18 22:24:40.497 [microservices] info: -------info::check--------->>>>{"id":"202032"}
2020-02-18 22:24:51.780 [microservices] info: -------info::search--------->>>>{}
2020-02-18 22:29:51.160 [microservices] info: -------info::search--------->>>>{}
2020-02-18 22:29:57.527 [microservices] info: -------info::list--------->>>>{}
2020-02-18 22:30:22.546 [microservices] info: -------info::search--------->>>>{}
2020-02-18 22:30:30.040 [microservices] info: -------info::edit--------->>>>{"id":"202032"}
2020-02-18 22:33:25.036 [microservices] info: -------info::edit--------->>>>{"id":"202032"}
2020-02-18 22:33:47.267 [microservices] info: -------info::edit--------->>>>{"id":"202032"}
2020-02-18 22:38:41.727 [microservices] info: -------user::edit--------->>>>{"id":"2"}
2020-02-18 22:39:04.285 [microservices] info: -------user::list--------->>>>{}
2020-02-18 22:39:16.954 [microservices] info: -------user::edit--------->>>>{"id":"202010"}
2020-02-18 22:39:28.480 [microservices] info: -------user::edit--------->>>>{"id":"202010"}
2020-02-19 10:34:55.825 [microservices] info: -------result::edit--------->>>>{"id":"202032"}
2020-02-19 10:35:27.167 [microservices] info: -------result::list--------->>>>{}
2020-02-19 10:37:51.219 [microservices] info: -------result::list--------->>>>{}
2020-02-19 10:37:55.747 [microservices] info: -------result::edit--------->>>>{"id":"202041"}
2020-02-19 15:25:51.362 [microservices] info: -------admin::list--------->>>>{}
2020-02-19 15:26:07.124 [microservices] info: -------admin::check--------->>>>{"id":"202040"}
2020-02-19 17:59:27.768 [microservices] info: -------admin::create--------->>>>{}
2020-02-19 18:01:31.678 [microservices] info: -------admin::create--------->>>>{}
2020-02-19 18:02:13.907 [microservices] info: -------admin::create--------->>>>{}
2020-02-19 18:02:45.113 [microservices] info: -------admin::create--------->>>>{}
2020-02-19 18:02:50.384 [microservices] info: -------admin::create--------->>>>{}
2020-02-19 18:03:37.602 [microservices] info: -------admin::create--------->>>>{}
2020-02-19 18:04:18.739 [microservices] info: -------admin::create--------->>>>{}
2020-02-19 18:05:17.470 [microservices] info: -------admin::create--------->>>>{}
2020-02-19 18:05:22.187 [microservices] info: -------admin::create--------->>>>{}
2020-02-19 18:05:43.271 [microservices] info: -------admin::create--------->>>>{}
2020-02-19 20:27:19.809 [microservices] info: -------admin::list--------->>>>{}
2020-02-19 20:28:03.630 [microservices] info: -------admin::list--------->>>>{}
2020-02-19 20:28:31.969 [microservices] info: -------admin::list--------->>>>{}
2020-02-19 20:29:21.282 [microservices] info: -------admin::list--------->>>>{}
2020-02-19 20:40:55.380 [microservices] info: -------user::search--------->>>>{}
2020-02-19 20:41:16.254 [microservices] info: -------user::search--------->>>>{}
2020-02-19 20:41:55.792 [microservices] info: -------user::search--------->>>>{}
2020-02-19 20:41:59.053 [microservices] info: -------user::search--------->>>>{}
2020-02-19 20:42:07.138 [microservices] info: -------user::search--------->>>>{}
2020-02-19 20:42:51.404 [microservices] info: -------user::search--------->>>>{}
2020-02-19 20:46:21.028 [microservices] info: -------user::search--------->>>>{}
2020-02-19 20:46:59.048 [microservices] info: -------user::search--------->>>>{}
2020-02-19 20:47:36.513 [microservices] info: -------user::search--------->>>>{}
2020-02-19 20:47:45.602 [microservices] info: -------user::search--------->>>>{}
2020-02-19 20:48:08.133 [microservices] info: -------user::search--------->>>>{}
2020-02-19 20:48:28.262 [microservices] info: -------user::search--------->>>>{}
2020-02-19 20:48:43.328 [microservices] info: -------user::search--------->>>>{}
2020-02-19 20:50:06.972 [microservices] info: -------user::check--------->>>>{"id":"1"}
2020-02-19 20:50:19.872 [microservices] info: -------user::list--------->>>>{}
2020-02-19 20:52:19.044 [microservices] info: -------user::list--------->>>>{}
2020-02-19 20:52:30.043 [microservices] info: -------user::search--------->>>>{}
2020-02-19 20:52:41.735 [microservices] info: -------user::search--------->>>>{}
2020-02-19 20:52:47.732 [microservices] info: -------user::search--------->>>>{}
2020-02-19 20:53:36.495 [microservices] info: -------user::search--------->>>>{}
2020-02-19 20:53:46.775 [microservices] info: -------user::search--------->>>>{}
2020-02-19 20:55:17.543 [microservices] info: -------user::check--------->>>>{"id":"1"}
2020-02-19 20:55:27.557 [microservices] info: -------user::search--------->>>>{}
2020-02-19 20:55:32.350 [microservices] info: -------user::search--------->>>>{}
2020-02-19 20:56:02.471 [microservices] info: -------user::search--------->>>>{}
2020-02-19 20:56:14.810 [microservices] info: -------user::search--------->>>>{}
2020-02-19 20:57:03.272 [microservices] info: -------user::search--------->>>>{}
2020-02-19 20:59:26.953 [microservices] info: -------user::search--------->>>>{}
2020-02-19 20:59:30.608 [microservices] info: -------user::search--------->>>>{}
2020-02-19 20:59:58.091 [microservices] info: -------user::search--------->>>>{}
2020-02-19 21:01:48.769 [microservices] info: -------user::search--------->>>>{}
2020-02-19 21:01:55.210 [microservices] info: -------user::search--------->>>>{}
2020-02-19 21:02:17.086 [microservices] info: -------user::search--------->>>>{}
2020-02-19 21:02:21.269 [microservices] info: -------user::search--------->>>>{}
2020-02-19 21:02:23.288 [microservices] info: -------user::search--------->>>>{}
2020-02-19 21:02:26.146 [microservices] info: -------user::search--------->>>>{}
2020-02-19 21:03:54.507 [microservices] info: -------user::search--------->>>>{}
2020-02-19 21:04:15.304 [microservices] info: -------user::search--------->>>>{}
2020-02-19 21:04:26.472 [microservices] info: -------user::search--------->>>>{}
2020-02-19 21:04:44.229 [microservices] info: -------user::search--------->>>>{}
2020-02-19 21:05:09.922 [microservices] info: -------user::search--------->>>>{}
2020-02-19 21:05:24.006 [microservices] info: -------user::search--------->>>>{}
2020-02-19 21:05:42.337 [microservices] info: -------user::search--------->>>>{}
2020-02-19 21:05:54.385 [microservices] info: -------user::search--------->>>>{}
2020-02-19 21:07:46.530 [microservices] info: -------user::search--------->>>>{}
2020-02-19 21:08:31.273 [microservices] info: -------user::search--------->>>>{}
2020-02-19 21:09:44.529 [microservices] info: -------user::search--------->>>>{}
2020-02-19 21:10:17.131 [microservices] info: -------user::search--------->>>>{}
2020-02-19 21:10:26.503 [microservices] info: -------user::search--------->>>>{}
2020-02-19 21:10:27.969 [microservices] info: -------user::search--------->>>>{}
2020-02-19 21:10:29.328 [microservices] info: -------user::search--------->>>>{}
2020-02-19 21:10:43.125 [microservices] info: -------user::search--------->>>>{}
2020-02-19 21:17:12.370 [microservices] info: -------user::search--------->>>>{}
2020-02-19 21:17:16.486 [microservices] info: -------user::search--------->>>>{}
2020-02-19 21:17:27.700 [microservices] info: -------user::search--------->>>>{}
2020-02-19 21:18:55.192 [microservices] info: -------user::search--------->>>>{}
2020-02-19 21:19:05.793 [microservices] info: -------user::search--------->>>>{}
2020-02-19 21:19:55.263 [microservices] info: -------user::search--------->>>>{}
2020-02-19 21:19:59.209 [microservices] info: -------user::search--------->>>>{}
2020-02-19 21:20:01.461 [microservices] info: -------user::search--------->>>>{}
2020-02-19 21:20:13.192 [microservices] info: -------user::search--------->>>>{}
2020-02-19 21:20:19.501 [microservices] info: -------user::search--------->>>>{}
2020-02-19 21:20:21.108 [microservices] info: -------user::search--------->>>>{}
2020-02-19 21:20:59.500 [microservices] info: -------user::search--------->>>>{}
2020-02-19 21:21:31.670 [microservices] info: -------user::search--------->>>>{}
2020-02-19 21:28:06.597 [microservices] info: -------user::search--------->>>>{}
2020-02-19 21:28:43.733 [microservices] info: -------user::search--------->>>>{}
2020-02-19 21:28:48.730 [microservices] info: -------user::search--------->>>>{}
2020-02-19 21:28:51.097 [microservices] info: -------user::search--------->>>>{}
2020-02-19 21:28:52.574 [microservices] info: -------user::search--------->>>>{}
