2020-02-16 17:05:35.933 [microservices] warn: -------delete--------->>>>
2020-02-16 22:38:33.523 [microservices] warn: -------delete--------->>>>
2020-02-16 22:58:59.137 [microservices] warn: -------delete--------->>>>
2020-02-16 23:55:22.931 [microservices] warn: -------delete--------->>>>
2020-02-16 23:56:45.841 [microservices] warn: -------delete--------->>>>
2020-02-16 23:57:18.756 [microservices] warn: -------delete--------->>>>
2020-02-16 23:59:00.559 [microservices] warn: -------delete--------->>>>
2020-02-16 23:59:05.742 [microservices] warn: -------delete--------->>>>
2020-02-17 00:20:52.535 [microservices] warn: -------delete--------->>>>{"id":"0"}
2020-02-17 00:20:54.646 [microservices] warn: -------delete--------->>>>{"id":"0"}
2020-02-18 21:23:01.332 [microservices] warn: -------delete--------->>>>{"id":"0"}
2020-02-18 21:23:16.214 [microservices] warn: -------delete--------->>>>{"id":"202021"}
2020-02-18 22:24:06.692 [microservices] warn: -------info::delete--------->>>>{"id":"202031"}
2020-02-28 21:32:39.219 [microservices] warn: -------user::delete--------->>>>{"id":"202011"}
2020-02-28 21:32:59.848 [microservices] warn: -------user::delete--------->>>>{"id":"202012"}
2020-02-28 21:35:06.922 [microservices] warn: -------user::delete--------->>>>{"id":"202011"}
2020-02-28 21:35:17.008 [microservices] warn: -------user::delete--------->>>>{"id":"202014"}
2020-02-28 21:37:09.952 [microservices] warn: -------user::delete--------->>>>{"id":"202012"}
2020-02-28 21:37:18.835 [microservices] warn: -------user::delete--------->>>>{"id":"202017"}
2020-02-28 21:39:21.755 [microservices] warn: -------user::delete--------->>>>{"id":"202016"}
2020-02-28 21:41:44.149 [microservices] warn: -------user::delete--------->>>>{"id":"2020111"}
2020-02-28 22:51:25.578 [microservices] warn: -------user::delete--------->>>>{"id":"2020140"}
2020-02-28 22:51:36.203 [microservices] warn: -------user::delete--------->>>>{"id":"2020149"}
2020-02-28 22:51:41.745 [microservices] warn: -------user::delete--------->>>>{"id":"2020148"}
2020-02-28 22:52:01.477 [microservices] warn: -------user::delete--------->>>>{"id":"2020139"}
2020-02-28 22:52:12.844 [microservices] warn: -------user::delete--------->>>>{"id":"2020104"}
2020-02-28 22:57:33.653 [microservices] warn: -------user::delete--------->>>>{"id":"2020120"}
2020-02-28 22:57:35.703 [microservices] warn: -------user::delete--------->>>>{"id":"2020121"}
2020-02-28 22:57:37.981 [microservices] warn: -------user::delete--------->>>>{"id":"2020122"}
2020-02-28 22:57:46.425 [microservices] warn: -------user::delete--------->>>>{"id":"2020149"}
2020-02-28 22:57:48.717 [microservices] warn: -------user::delete--------->>>>{"id":"2020148"}
2020-02-28 22:57:50.625 [microservices] warn: -------user::delete--------->>>>{"id":"2020147"}
2020-02-28 22:57:53.166 [microservices] warn: -------user::delete--------->>>>{"id":"2020146"}
2020-02-28 22:57:54.749 [microservices] warn: -------user::delete--------->>>>{"id":"2020145"}
2020-02-28 22:57:56.608 [microservices] warn: -------user::delete--------->>>>{"id":"2020144"}
2020-02-28 22:57:58.336 [microservices] warn: -------user::delete--------->>>>{"id":"2020143"}
2020-02-28 22:58:18.100 [microservices] warn: -------user::delete--------->>>>{"id":"2020123"}
2020-02-29 15:59:49.765 [microservices] warn: -------user::delete--------->>>>{"id":"2020100"}
2020-02-29 16:16:44.724 [microservices] warn: -------user::delete--------->>>>{"id":"2020219"}
2020-02-29 16:18:59.215 [microservices] warn: -------vote::delete--------->>>>{"id":"2020200"}
2020-02-29 16:19:20.296 [microservices] warn: -------user::delete--------->>>>{"id":"2020200"}
2020-02-29 16:23:53.761 [microservices] warn: -------user::delete--------->>>>{"id":"2020200"}
2020-02-29 16:25:25.868 [microservices] warn: -------user::delete--------->>>>{"id":"2020200"}
2020-02-29 16:25:52.632 [microservices] warn: -------user::delete--------->>>>{"id":"2020200"}
2020-02-29 16:26:24.398 [microservices] warn: -------user::delete--------->>>>{"id":"2020200"}
2020-02-29 16:26:54.823 [microservices] warn: -------user::delete--------->>>>{"id":"2020200"}
2020-02-29 16:27:15.668 [microservices] warn: -------user::delete--------->>>>{"id":"2020200"}
2020-02-29 16:27:55.107 [microservices] warn: -------user::delete--------->>>>{"id":"2020200"}
2020-02-29 16:45:07.795 [microservices] warn: -------user::delete--------->>>>{"id":"2020100"}
2020-02-29 16:45:26.907 [microservices] warn: -------vote::delete--------->>>>{"id":"2020200"}
2020-02-29 16:46:09.877 [microservices] warn: -------vote::delete--------->>>>{"id":"2020200"}
2020-02-29 16:47:52.648 [microservices] warn: -------vote::delete--------->>>>{"id":"2020201"}
2020-02-29 16:48:08.450 [microservices] warn: -------vote::delete--------->>>>{"id":"2020249"}
2020-02-29 16:48:11.009 [microservices] warn: -------vote::delete--------->>>>{"id":"2020248"}
2020-02-29 16:48:13.309 [microservices] warn: -------vote::delete--------->>>>{"id":"2020247"}
2020-02-29 18:07:22.953 [microservices] warn: -------info::delete--------->>>>{"id":"202030"}
2020-02-29 18:16:10.223 [microservices] warn: -------result::delete--------->>>>{"id":"2020400"}
2020-02-29 18:17:06.830 [microservices] warn: -------result::delete--------->>>>{"id":"2020427"}
2020-02-29 18:17:09.728 [microservices] warn: -------result::delete--------->>>>{"id":"2020424"}
2020-03-01 21:59:02.132 [microservices] warn: -------result::delete--------->>>>{"id":"2020403"}
2020-03-02 00:23:01.938 [microservices] warn: -------info::delete--------->>>>{"id":"2020307"}
2020-03-02 00:23:04.102 [microservices] warn: -------info::delete--------->>>>{"id":"2020308"}
2020-03-02 00:23:07.922 [microservices] warn: -------info::delete--------->>>>{"id":"2020309"}
2020-03-02 00:23:09.639 [microservices] warn: -------info::delete--------->>>>{"id":"2020306"}
2020-03-02 00:23:11.461 [microservices] warn: -------info::delete--------->>>>{"id":"2020305"}
2020-03-02 00:23:13.082 [microservices] warn: -------info::delete--------->>>>{"id":"2020304"}
2020-03-02 00:23:14.770 [microservices] warn: -------info::delete--------->>>>{"id":"2020303"}
2020-03-02 00:23:16.438 [microservices] warn: -------info::delete--------->>>>{"id":"2020302"}
2020-03-02 00:23:20.826 [microservices] warn: -------info::delete--------->>>>{"id":"2020301"}
2020-03-02 00:23:22.997 [microservices] warn: -------info::delete--------->>>>{"id":"2020300"}
2020-03-02 00:34:35.569 [microservices] warn: -------user::delete--------->>>>{"id":"2020100"}
2020-03-02 00:35:06.597 [microservices] warn: -------info::delete--------->>>>{"id":"2020300"}
2020-03-02 00:35:09.077 [microservices] warn: -------info::delete--------->>>>{"id":"2020301"}
2020-03-02 00:35:26.511 [microservices] warn: -------result::delete--------->>>>{"id":"2020402"}
2020-03-02 00:35:28.848 [microservices] warn: -------result::delete--------->>>>{"id":"2020400"}
2020-03-02 00:35:30.952 [microservices] warn: -------result::delete--------->>>>{"id":"2020408"}
2020-03-02 00:36:35.646 [microservices] warn: -------user::delete--------->>>>{"id":"2020100"}
2020-03-02 15:19:44.198 [microservices] warn: -------user::delete--------->>>>{"id":"2020143"}
2020-03-09 13:29:29.720 [microservices] warn: -------vote::delete--------->>>>{"id":"2020200"}
2020-03-09 13:44:28.785 [microservices] warn: -------vote::delete--------->>>>{"id":"2020200"}
2020-03-22 09:23:56.669 [microservices] warn: -------vote::delete--------->>>>{"id":"2020200"}
2020-03-28 10:15:17.806 [microservices] warn: -------vote::delete--------->>>>{"id":"2020200"}
2020-03-28 23:37:35.332 [microservices] warn: -------vote::delete--------->>>>{"id":"2020200"}
2020-03-29 22:07:52.412 [microservices] warn: -------user::delete--------->>>>{"id":"2020109"}
2020-03-29 22:07:57.616 [microservices] warn: -------vote::delete--------->>>>{"id":"2020206"}
2020-03-29 22:08:04.991 [microservices] warn: -------vote::delete--------->>>>{"id":"2020200"}
2020-03-29 22:08:09.160 [microservices] warn: -------result::delete--------->>>>{"id":"2020209"}
2020-03-29 22:13:57.691 [microservices] warn: -------user::delete--------->>>>{"id":"2020109"}
2020-03-29 22:14:13.103 [microservices] warn: -------user::delete--------->>>>{"id":"2020100"}
2020-04-05 23:41:32.615 [microservices] warn: -------vote::delete--------->>>>{"id":"2020208"}
2020-04-05 23:42:31.750 [microservices] warn: -------user::delete--------->>>>{"id":"2020109"}
